<?xml version="1.0" encoding="UTF-8"?>
<!-- Generated by org.testng.reporters.JUnitXMLReporter -->
<testsuite hostname="ITG00490GU14577" name="Command line test" tests="7" failures="0" timestamp="15 Mar 2016 00:33:31 GMT" time="1.051" errors="0">
  <testcase name="loadApplicationContext" time="0.989" classname="com.ticketService.JunitTestITicketService"/>
  <testcase name="numSeatsAvailableInitialCount" time="0.007" classname="com.ticketService.JunitTestITicketService"/>
  <testcase name="numSeatsAvailableIgnoreOnHoldSeats" time="0.023" classname="com.ticketService.JunitTestITicketService"/>
  <testcase name="numSeatsAvailableWhenOnHoldRequestIsCancelled" time="0.003" classname="com.ticketService.JunitTestITicketService"/>
  <testcase name="findAndHoldSeats" time="0.0" classname="com.ticketService.JunitTestITicketService"/>
  <testcase name="numOfSeatsAfterHoldOperation" time="0.001" classname="com.ticketService.JunitTestITicketService"/>
  <testcase name="reserveSeat" time="0.001" classname="com.ticketService.JunitTestITicketService"/>
</testsuite> <!-- Command line test -->
